[0 0] 162 220 191 0
[0 1] 69 250 133 0
[0 2] 93 32 179 0
[0 3] 114 91 213 0
[0 4] 189 251 91 0
[0 5] 24 152 244 0
[0 6] 46 188 15 0
[0 7] 27 143 251 0
[0 8] 255 59 217 0
[0 9] 213 208 101 0
[1 0] 110 34 212 0
[1 1] 124 125 12 0
[1 2] 116 157 249 0
[1 3] 175 38 92 0
[1 4] 46 4 54 0
[1 5] 152 186 215 0
[1 6] 167 219 9 0
[1 7] 109 87 204 0
[1 8] 30 171 54 0
[1 9] 235 54 147 0
[2 0] 78 229 182 0
[2 1] 64 43 197 0
[2 2] 98 168 250 0
[2 3] 213 116 197 0
[2 4] 71 29 113 0
[2 5] 151 176 222 0
[2 6] 156 189 34 0
[2 7] 88 39 197 0
[2 8] 19 170 29 0
[2 9] 237 88 165 0
[3 0] 43 237 182 0
[3 1] 75 84 232 0
[3 2] 153 221 76 0
[3 3] 231 95 236 0
[3 4] 13 145 37 0
[3 5] 56 230 82 0
[3 6] 70 4 129 0
[3 7] 55 210 91 0
[3 8] 38 183 27 0
[3 9] 226 87 171 0
[4 0] 113 130 70 0
[4 1] 202 29 184 0
[4 2] 254 84 222 0
[4 3] 235 76 247 0
[4 4] 177 1 191 0
[4 5] 174 21 162 0
[4 6] 224 113 204 0
[4 7] 18 156 252 0
[4 8] 11 114 233 0
[4 9] 160 222 75 0
[5 0] 120 105 29 0
[5 1] 248 94 219 0
[5 2] 59 200 63 0
[5 3] 6 150 47 0
[5 4] 169 39 192 0
[5 5] 159 45 158 0
[5 6] 222 135 213 0
[5 7] 255 146 223 0
[5 8] 212 35 147 0
[5 9] 108 118 254 0
[6 0] 85 47 180 0
[6 1] 251 138 211 0
[6 2] 94 69 147 0
[6 3] 57 43 140 0
[6 4] 4 225 52 0
[6 5] 7 187 11 0
[6 6] 19 158 242 0
[6 7] 239 82 163 0
[6 8] 162 198 63 0
[6 9] 58 25 198 0
[7 0] 153 200 16 0
[7 1] 58 57 95 0
[7 2] 125 186 237 0
[7 3] 106 166 207 0
[7 4] 82 119 166 0
[7 5] 58 4 85 0
[7 6] 10 108 208 0
[7 7] 185 218 83 0
[7 8] 74 43 217 0
[7 9] 208 119 63 0
[8 0] 17 197 230 0
[8 1] 135 249 27 0
[8 2] 130 222 29 0
[8 3] 110 161 212 0
[8 4] 82 120 198 0
[8 5] 9 222 102 0
[8 6] 162 244 171 0
[8 7] 36 29 234 0
[8 8] 150 87 42 0
[8 9] 42 189 138 0
[9 0] 80 90 120 0
[9 1] 150 32 94 0
[9 2] 73 118 229 0
[9 3] 33 13 128 0
[9 4] 4 217 107 0
[9 5] 158 50 7 0
[9 6] 0 27 58 0
[9 7] 90 31 65 0
[9 8] 222 143 132 0
[9 9] 171 79 51 0
[128 0] 36 211 88 0
[128 1] 127 85 244 0
[128 2] 83 242 103 0
[128 3] 206 66 159 0
[128 4] 238 111 233 0
[128 5] 4 141 38 0
[128 6] 36 148 35 0
[128 7] 68 189 33 0
[128 8] 104 250 63 0
[128 9] 119 250 66 0
[129 0] 77 238 106 0
[129 1] 202 123 20 0
[129 2] 133 4 143 0
[129 3] 226 75 195 0
[129 4] 8 145 242 0
[129 5] 39 179 20 0
[129 6] 65 163 32 0
[129 7] 81 197 59 0
[129 8] 102 244 63 0
[129 9] 114 239 30 0
[130 0] 159 46 124 0
[130 1] 30 174 23 0
[130 2] 168 21 133 0
[130 3] 242 99 202 0
[130 4] 31 179 247 0
[130 5] 56 209 7 0
[130 6] 80 196 21 0
[130 7] 104 216 52 0
[130 8] 117 248 59 0
[130 9] 110 2 39 0
[131 0] 243 136 164 0
[131 1] 88 10 74 0
[131 2] 187 81 169 0
[131 3] 1 144 242 0
[131 4] 43 207 42 0
[131 5] 55 243 70 0
[131 6] 71 252 97 0
[131 7] 102 250 103 0
[131 8] 119 8 84 0
[131 9] 108 32 62 0
[132 0] 34 213 249 0
[132 1] 114 101 190 0
[132 2] 201 156 252 0
[132 3] 11 192 34 0
[132 4] 40 235 95 0
[132 5] 47 21 139 0
[132 6] 67 34 152 0
[132 7] 94 13 124 0
[132 8] 104 13 96 0
[132 9] 101 55 89 0
[133 0] 60 237 39 0
[133 1] 144 131 238 0
[133 2] 233 185 26 0
[133 3] 39 224 53 0
[133 4] 59 16 124 0
[133 5] 63 48 165 0
[133 6] 83 46 150 0
[133 7] 106 21 109 0
[133 8] 116 23 96 0
[133 9] 117 75 123 0
[134 0] 68 229 45 0
[134 1] 171 132 254 0
[134 2] 15 204 73 0
[134 3] 83 2 107 0
[134 4] 109 45 149 0
[134 5] 109 59 166 0
[134 6] 116 57 159 0
[134 7] 131 49 143 0
[134 8] 141 60 138 0
[134 9] 142 93 159 0
[135 0] 79 2 103 0
[135 1] 194 176 66 0
[135 2] 43 249 128 0
[135 3] 111 27 134 0
[135 4] 136 48 146 0
[135 5] 134 56 148 0
[135 6] 136 68 151 0
[135 7] 144 96 173 0
[135 8] 152 113 183 0
[135 9] 156 107 177 0
[136 0] 80 47 160 0
[136 1] 201 224 105 0
[136 2] 56 23 122 0
[136 3] 128 45 135 0
[136 4] 146 68 175 0
[136 5] 135 73 158 0
[136 6] 135 75 140 0
[136 7] 143 108 180 0
[136 8] 159 123 194 0
[136 9] 168 108 177 0
[137 0] 46 38 168 0
[137 1] 181 212 117 0
[137 2] 55 19 143 0
[137 3] 143 60 184 0
[137 4] 169 90 237 0
[137 5] 148 97 216 0
[137 6] 143 102 197 0
[137 7] 153 110 213 0
[137 8] 165 106 196 0
[137 9] 167 103 168 0